<?xml version="1.0" encoding="UTF-8" ?>
<testsuite errors="0" failures="0" hostname="b79d10c0dcc1" name="com.example.test.VlanTest" skipped="0" tests="2" time="0.538" timestamp="2020-05-15T05:17:42">
  <properties>
[...]
</properties>
  <testcase classname="com.example.test.VlanTest" name="testIsValidVlan" time="0.009" />
  <testcase classname="com.example.test.VlanTest" name="testSetupInterfaces" time="0.467" />
  <system-out><![CDATA[]]></system-out>
  <system-err><![CDATA[]]></system-err>
</testsuite>
