<?xml version="1.0" encoding="UTF-8" ?>
<testsuite errors="1" failures="0" hostname="apaulin-VirtualBox" name="com.example.test.VlanTest" skipped="0" tests="1" time="0.227" timestamp="2020-05-15T02:09:23">
  <properties>
[...]
</properties>
  <testcase classname="com.example.test.VlanTest" name="initializationError" time="0.055">
    <error message="com/tailf/navu/NavuList" type="java.lang.NoClassDefFoundError">java.lang.NoClassDefFoundError: com/tailf/navu/NavuList
	at java.base/java.lang.Class.getDeclaredMethods0(Native Method)
	at java.base/java.lang.Class.privateGetDeclaredMethods(Class.java:3166)
	at java.base/java.lang.Class.getDeclaredMethods(Class.java:2309)
	at java.base/jdk.internal.reflect.NativeConstructorAccessorImpl.newInstance0(Native Method)
	at java.base/jdk.internal.reflect.NativeConstructorAccessorImpl.newInstance(NativeConstructorAccessorImpl.java:62)
	at java.base/jdk.internal.reflect.DelegatingConstructorAccessorImpl.newInstance(DelegatingConstructorAccessorImpl.java:45)
	at java.base/java.lang.reflect.Constructor.newInstance(Constructor.java:490)
	at jdk.internal.reflect.GeneratedMethodAccessor4.invoke(Unknown Source)
	at java.base/jdk.internal.reflect.DelegatingMethodAccessorImpl.invoke(DelegatingMethodAccessorImpl.java:43)
Caused by: java.lang.ClassNotFoundException: com.tailf.navu.NavuList
	at java.base/java.lang.ClassLoader.loadClass(ClassLoader.java:522)
</error>
  </testcase>
  <system-out><![CDATA[]]></system-out>
  <system-err><![CDATA[]]></system-err>
</testsuite>
